CRITICAL - 2020-07-04 00:09:59 --> Too few arguments to function App\Controllers\Users\Admin::updateCommodityStatus(), 0 passed in C:\xampp\htdocs\web-survey-harga\vendor\codeigniter4\framework\system\CodeIgniter.php on line 914 and exactly 1 expected
#0 C:\xampp\htdocs\web-survey-harga\vendor\codeigniter4\framework\system\CodeIgniter.php(914): App\Controllers\Users\Admin->updateCommodityStatus()
#1 C:\xampp\htdocs\web-survey-harga\vendor\codeigniter4\framework\system\CodeIgniter.php(400): CodeIgniter\CodeIgniter->runController(Object(App\Controllers\Users\Admin))
#2 C:\xampp\htdocs\web-survey-harga\vendor\codeigniter4\framework\system\CodeIgniter.php(308): CodeIgniter\CodeIgniter->handleRequest(NULL, Object(Config\Cache), false)
#3 C:\xampp\htdocs\web-survey-harga\public\index.php(45): CodeIgniter\CodeIgniter->run()
#4 C:\xampp\htdocs\web-survey-harga\vendor\codeigniter4\framework\system\Commands\Server\rewrite.php(34): require_once('C:\\xampp\\htdocs...')
#5 {main}
CRITICAL - 2020-07-04 00:42:52 --> You have an error in your SQL syntax; check the manual that corresponds to your MariaDB server version for the right syntax to use near '?' at line 5
#0 C:\xampp\htdocs\web-survey-harga\vendor\codeigniter4\framework\system\Database\MySQLi\Connection.php(331): mysqli->query('\r\n             ...')
#1 C:\xampp\htdocs\web-survey-harga\vendor\codeigniter4\framework\system\Database\BaseConnection.php(738): CodeIgniter\Database\MySQLi\Connection->execute('\r\n             ...')
#2 C:\xampp\htdocs\web-survey-harga\vendor\codeigniter4\framework\system\Database\BaseConnection.php(666): CodeIgniter\Database\BaseConnection->simpleQuery('\r\n             ...')
#3 C:\xampp\htdocs\web-survey-harga\vendor\codeigniter4\framework\system\Model.php(1712): CodeIgniter\Database\BaseConnection->query('\r\n             ...')
#4 C:\xampp\htdocs\web-survey-harga\app\Models\Users\MarketCommodity_model.php(37): CodeIgniter\Model->__call('query', Array)
#5 C:\xampp\htdocs\web-survey-harga\app\Controllers\Users\Admin.php(150): App\Models\Users\MarketCommodity_model->getMarketCommodityById('1')
#6 C:\xampp\htdocs\web-survey-harga\vendor\codeigniter4\framework\system\CodeIgniter.php(914): App\Controllers\Users\Admin->updateCommodityStatus('1')
#7 C:\xampp\htdocs\web-survey-harga\vendor\codeigniter4\framework\system\CodeIgniter.php(400): CodeIgniter\CodeIgniter->runController(Object(App\Controllers\Users\Admin))
#8 C:\xampp\htdocs\web-survey-harga\vendor\codeigniter4\framework\system\CodeIgniter.php(308): CodeIgniter\CodeIgniter->handleRequest(NULL, Object(Config\Cache), false)
#9 C:\xampp\htdocs\web-survey-harga\public\index.php(45): CodeIgniter\CodeIgniter->run()
#10 C:\xampp\htdocs\web-survey-harga\vendor\codeigniter4\framework\system\Commands\Server\rewrite.php(34): require_once('C:\\xampp\\htdocs...')
#11 {main}
CRITICAL - 2020-07-04 00:43:19 --> You have an error in your SQL syntax; check the manual that corresponds to your MariaDB server version for the right syntax to use near '?' at line 5
#0 C:\xampp\htdocs\web-survey-harga\vendor\codeigniter4\framework\system\Database\MySQLi\Connection.php(331): mysqli->query('\r\n             ...')
#1 C:\xampp\htdocs\web-survey-harga\vendor\codeigniter4\framework\system\Database\BaseConnection.php(738): CodeIgniter\Database\MySQLi\Connection->execute('\r\n             ...')
#2 C:\xampp\htdocs\web-survey-harga\vendor\codeigniter4\framework\system\Database\BaseConnection.php(666): CodeIgniter\Database\BaseConnection->simpleQuery('\r\n             ...')
#3 C:\xampp\htdocs\web-survey-harga\vendor\codeigniter4\framework\system\Model.php(1712): CodeIgniter\Database\BaseConnection->query('\r\n             ...')
#4 C:\xampp\htdocs\web-survey-harga\app\Models\Users\MarketCommodity_model.php(37): CodeIgniter\Model->__call('query', Array)
#5 C:\xampp\htdocs\web-survey-harga\app\Controllers\Users\Admin.php(150): App\Models\Users\MarketCommodity_model->getMarketCommodityById('1')
#6 C:\xampp\htdocs\web-survey-harga\vendor\codeigniter4\framework\system\CodeIgniter.php(914): App\Controllers\Users\Admin->updateCommodityStatus('1')
#7 C:\xampp\htdocs\web-survey-harga\vendor\codeigniter4\framework\system\CodeIgniter.php(400): CodeIgniter\CodeIgniter->runController(Object(App\Controllers\Users\Admin))
#8 C:\xampp\htdocs\web-survey-harga\vendor\codeigniter4\framework\system\CodeIgniter.php(308): CodeIgniter\CodeIgniter->handleRequest(NULL, Object(Config\Cache), false)
#9 C:\xampp\htdocs\web-survey-harga\public\index.php(45): CodeIgniter\CodeIgniter->run()
#10 C:\xampp\htdocs\web-survey-harga\vendor\codeigniter4\framework\system\Commands\Server\rewrite.php(34): require_once('C:\\xampp\\htdocs...')
#11 {main}
CRITICAL - 2020-07-04 00:44:18 --> syntax error, unexpected ';', expecting ')'
#0 C:\xampp\htdocs\web-survey-harga\vendor\codeigniter4\framework\system\Autoloader\Autoloader.php(296): CodeIgniter\Autoloader\Autoloader->requireFile('C:\\xampp\\htdocs...')
#1 C:\xampp\htdocs\web-survey-harga\vendor\codeigniter4\framework\system\Autoloader\Autoloader.php(258): CodeIgniter\Autoloader\Autoloader->loadInNamespace('App\\Models\\User...')
#2 [internal function]: CodeIgniter\Autoloader\Autoloader->loadClass('App\\Models\\User...')
#3 C:\xampp\htdocs\web-survey-harga\app\Controllers\Users\Admin.php(21): spl_autoload_call('App\\Models\\User...')
#4 C:\xampp\htdocs\web-survey-harga\vendor\codeigniter4\framework\system\CodeIgniter.php(886): App\Controllers\Users\Admin->__construct()
#5 C:\xampp\htdocs\web-survey-harga\vendor\codeigniter4\framework\system\CodeIgniter.php(395): CodeIgniter\CodeIgniter->createController()
#6 C:\xampp\htdocs\web-survey-harga\vendor\codeigniter4\framework\system\CodeIgniter.php(308): CodeIgniter\CodeIgniter->handleRequest(NULL, Object(Config\Cache), false)
#7 C:\xampp\htdocs\web-survey-harga\public\index.php(45): CodeIgniter\CodeIgniter->run()
#8 C:\xampp\htdocs\web-survey-harga\vendor\codeigniter4\framework\system\Commands\Server\rewrite.php(34): require_once('C:\\xampp\\htdocs...')
#9 {main}
CRITICAL - 2020-07-04 00:44:25 --> syntax error, unexpected ')'
#0 C:\xampp\htdocs\web-survey-harga\vendor\codeigniter4\framework\system\Autoloader\Autoloader.php(296): CodeIgniter\Autoloader\Autoloader->requireFile('C:\\xampp\\htdocs...')
#1 C:\xampp\htdocs\web-survey-harga\vendor\codeigniter4\framework\system\Autoloader\Autoloader.php(258): CodeIgniter\Autoloader\Autoloader->loadInNamespace('App\\Models\\User...')
#2 [internal function]: CodeIgniter\Autoloader\Autoloader->loadClass('App\\Models\\User...')
#3 C:\xampp\htdocs\web-survey-harga\app\Controllers\Users\Admin.php(21): spl_autoload_call('App\\Models\\User...')
#4 C:\xampp\htdocs\web-survey-harga\vendor\codeigniter4\framework\system\CodeIgniter.php(886): App\Controllers\Users\Admin->__construct()
#5 C:\xampp\htdocs\web-survey-harga\vendor\codeigniter4\framework\system\CodeIgniter.php(395): CodeIgniter\CodeIgniter->createController()
#6 C:\xampp\htdocs\web-survey-harga\vendor\codeigniter4\framework\system\CodeIgniter.php(308): CodeIgniter\CodeIgniter->handleRequest(NULL, Object(Config\Cache), false)
#7 C:\xampp\htdocs\web-survey-harga\public\index.php(45): CodeIgniter\CodeIgniter->run()
#8 C:\xampp\htdocs\web-survey-harga\vendor\codeigniter4\framework\system\Commands\Server\rewrite.php(34): require_once('C:\\xampp\\htdocs...')
#9 {main}
CRITICAL - 2020-07-04 00:45:16 --> Undefined index: commodity_name
#0 C:\xampp\htdocs\web-survey-harga\app\Views\admin\updateCommodityStatus.php(28): CodeIgniter\Debug\Exceptions->errorHandler(8, 'Undefined index...', 'C:\\xampp\\htdocs...', 28, Array)
#1 C:\xampp\htdocs\web-survey-harga\vendor\codeigniter4\framework\system\View\View.php(246): include('C:\\xampp\\htdocs...')
#2 C:\xampp\htdocs\web-survey-harga\vendor\codeigniter4\framework\system\Common.php(1087): CodeIgniter\View\View->render('/admin/updateCo...', Array, true)
#3 C:\xampp\htdocs\web-survey-harga\app\Controllers\Users\Admin.php(153): view('/admin/updateCo...', Array)
#4 C:\xampp\htdocs\web-survey-harga\vendor\codeigniter4\framework\system\CodeIgniter.php(914): App\Controllers\Users\Admin->updateCommodityStatus('1')
#5 C:\xampp\htdocs\web-survey-harga\vendor\codeigniter4\framework\system\CodeIgniter.php(400): CodeIgniter\CodeIgniter->runController(Object(App\Controllers\Users\Admin))
#6 C:\xampp\htdocs\web-survey-harga\vendor\codeigniter4\framework\system\CodeIgniter.php(308): CodeIgniter\CodeIgniter->handleRequest(NULL, Object(Config\Cache), false)
#7 C:\xampp\htdocs\web-survey-harga\public\index.php(45): CodeIgniter\CodeIgniter->run()
#8 C:\xampp\htdocs\web-survey-harga\vendor\codeigniter4\framework\system\Commands\Server\rewrite.php(34): require_once('C:\\xampp\\htdocs...')
#9 {main}
CRITICAL - 2020-07-04 00:47:14 --> Undefined index: commodity_name
#0 C:\xampp\htdocs\web-survey-harga\app\Controllers\Users\Admin.php(155): CodeIgniter\Debug\Exceptions->errorHandler(8, 'Undefined index...', 'C:\\xampp\\htdocs...', 155, Array)
#1 C:\xampp\htdocs\web-survey-harga\vendor\codeigniter4\framework\system\CodeIgniter.php(914): App\Controllers\Users\Admin->updateCommodityStatus('1')
#2 C:\xampp\htdocs\web-survey-harga\vendor\codeigniter4\framework\system\CodeIgniter.php(400): CodeIgniter\CodeIgniter->runController(Object(App\Controllers\Users\Admin))
#3 C:\xampp\htdocs\web-survey-harga\vendor\codeigniter4\framework\system\CodeIgniter.php(308): CodeIgniter\CodeIgniter->handleRequest(NULL, Object(Config\Cache), false)
#4 C:\xampp\htdocs\web-survey-harga\public\index.php(45): CodeIgniter\CodeIgniter->run()
#5 C:\xampp\htdocs\web-survey-harga\vendor\codeigniter4\framework\system\Commands\Server\rewrite.php(34): require_once('C:\\xampp\\htdocs...')
#6 {main}
CRITICAL - 2020-07-04 00:48:23 --> Undefined index: commodity_name
#0 C:\xampp\htdocs\web-survey-harga\app\Controllers\Users\Admin.php(155): CodeIgniter\Debug\Exceptions->errorHandler(8, 'Undefined index...', 'C:\\xampp\\htdocs...', 155, Array)
#1 C:\xampp\htdocs\web-survey-harga\vendor\codeigniter4\framework\system\CodeIgniter.php(914): App\Controllers\Users\Admin->updateCommodityStatus('1')
#2 C:\xampp\htdocs\web-survey-harga\vendor\codeigniter4\framework\system\CodeIgniter.php(400): CodeIgniter\CodeIgniter->runController(Object(App\Controllers\Users\Admin))
#3 C:\xampp\htdocs\web-survey-harga\vendor\codeigniter4\framework\system\CodeIgniter.php(308): CodeIgniter\CodeIgniter->handleRequest(NULL, Object(Config\Cache), false)
#4 C:\xampp\htdocs\web-survey-harga\public\index.php(45): CodeIgniter\CodeIgniter->run()
#5 C:\xampp\htdocs\web-survey-harga\vendor\codeigniter4\framework\system\Commands\Server\rewrite.php(34): require_once('C:\\xampp\\htdocs...')
#6 {main}
CRITICAL - 2020-07-04 00:49:10 --> Call to undefined method CodeIgniter\Database\MySQLi\Result::first()
#0 C:\xampp\htdocs\web-survey-harga\app\Controllers\Users\Admin.php(154): App\Models\Users\MarketCommodity_model->getMarketCommodityById('1')
#1 C:\xampp\htdocs\web-survey-harga\vendor\codeigniter4\framework\system\CodeIgniter.php(914): App\Controllers\Users\Admin->updateCommodityStatus('1')
#2 C:\xampp\htdocs\web-survey-harga\vendor\codeigniter4\framework\system\CodeIgniter.php(400): CodeIgniter\CodeIgniter->runController(Object(App\Controllers\Users\Admin))
#3 C:\xampp\htdocs\web-survey-harga\vendor\codeigniter4\framework\system\CodeIgniter.php(308): CodeIgniter\CodeIgniter->handleRequest(NULL, Object(Config\Cache), false)
#4 C:\xampp\htdocs\web-survey-harga\public\index.php(45): CodeIgniter\CodeIgniter->run()
#5 C:\xampp\htdocs\web-survey-harga\vendor\codeigniter4\framework\system\Commands\Server\rewrite.php(34): require_once('C:\\xampp\\htdocs...')
#6 {main}
CRITICAL - 2020-07-04 00:49:38 --> Undefined property: CodeIgniter\Database\MySQLi\Result::$this
#0 C:\xampp\htdocs\web-survey-harga\app\Models\Users\MarketCommodity_model.php(45): CodeIgniter\Debug\Exceptions->errorHandler(8, 'Undefined prope...', 'C:\\xampp\\htdocs...', 45, Array)
#1 C:\xampp\htdocs\web-survey-harga\app\Controllers\Users\Admin.php(154): App\Models\Users\MarketCommodity_model->getMarketCommodityById('1')
#2 C:\xampp\htdocs\web-survey-harga\vendor\codeigniter4\framework\system\CodeIgniter.php(914): App\Controllers\Users\Admin->updateCommodityStatus('1')
#3 C:\xampp\htdocs\web-survey-harga\vendor\codeigniter4\framework\system\CodeIgniter.php(400): CodeIgniter\CodeIgniter->runController(Object(App\Controllers\Users\Admin))
#4 C:\xampp\htdocs\web-survey-harga\vendor\codeigniter4\framework\system\CodeIgniter.php(308): CodeIgniter\CodeIgniter->handleRequest(NULL, Object(Config\Cache), false)
#5 C:\xampp\htdocs\web-survey-harga\public\index.php(45): CodeIgniter\CodeIgniter->run()
#6 C:\xampp\htdocs\web-survey-harga\vendor\codeigniter4\framework\system\Commands\Server\rewrite.php(34): require_once('C:\\xampp\\htdocs...')
#7 {main}
CRITICAL - 2020-07-04 00:53:19 --> Undefined index: Price
#0 C:\xampp\htdocs\web-survey-harga\app\Views\admin\updateCommodityStatus.php(36): CodeIgniter\Debug\Exceptions->errorHandler(8, 'Undefined index...', 'C:\\xampp\\htdocs...', 36, Array)
#1 C:\xampp\htdocs\web-survey-harga\vendor\codeigniter4\framework\system\View\View.php(246): include('C:\\xampp\\htdocs...')
#2 C:\xampp\htdocs\web-survey-harga\vendor\codeigniter4\framework\system\Common.php(1087): CodeIgniter\View\View->render('/admin/updateCo...', Array, true)
#3 C:\xampp\htdocs\web-survey-harga\app\Controllers\Users\Admin.php(153): view('/admin/updateCo...', Array)
#4 C:\xampp\htdocs\web-survey-harga\vendor\codeigniter4\framework\system\CodeIgniter.php(914): App\Controllers\Users\Admin->updateCommodityStatus('1')
#5 C:\xampp\htdocs\web-survey-harga\vendor\codeigniter4\framework\system\CodeIgniter.php(400): CodeIgniter\CodeIgniter->runController(Object(App\Controllers\Users\Admin))
#6 C:\xampp\htdocs\web-survey-harga\vendor\codeigniter4\framework\system\CodeIgniter.php(308): CodeIgniter\CodeIgniter->handleRequest(NULL, Object(Config\Cache), false)
#7 C:\xampp\htdocs\web-survey-harga\public\index.php(45): CodeIgniter\CodeIgniter->run()
#8 C:\xampp\htdocs\web-survey-harga\vendor\codeigniter4\framework\system\Commands\Server\rewrite.php(34): require_once('C:\\xampp\\htdocs...')
#9 {main}
CRITICAL - 2020-07-04 01:11:17 --> Allowed fields must be specified for model: App\Models\Users\MarketCommodity_model
#0 C:\xampp\htdocs\web-survey-harga\vendor\codeigniter4\framework\system\Model.php(1234): CodeIgniter\Database\Exceptions\DataException::forInvalidAllowedFields('App\\Models\\User...')
#1 C:\xampp\htdocs\web-survey-harga\vendor\codeigniter4\framework\system\Model.php(709): CodeIgniter\Model->doProtectFields(Array)
#2 C:\xampp\htdocs\web-survey-harga\vendor\codeigniter4\framework\system\Model.php(557): CodeIgniter\Model->insert(Array, false)
#3 C:\xampp\htdocs\web-survey-harga\app\Controllers\Users\Admin.php(176): CodeIgniter\Model->save(Array, Array)
#4 C:\xampp\htdocs\web-survey-harga\vendor\codeigniter4\framework\system\CodeIgniter.php(914): App\Controllers\Users\Admin->processUpdateCommStatus('1')
#5 C:\xampp\htdocs\web-survey-harga\vendor\codeigniter4\framework\system\CodeIgniter.php(400): CodeIgniter\CodeIgniter->runController(Object(App\Controllers\Users\Admin))
#6 C:\xampp\htdocs\web-survey-harga\vendor\codeigniter4\framework\system\CodeIgniter.php(308): CodeIgniter\CodeIgniter->handleRequest(NULL, Object(Config\Cache), false)
#7 C:\xampp\htdocs\web-survey-harga\public\index.php(45): CodeIgniter\CodeIgniter->run()
#8 C:\xampp\htdocs\web-survey-harga\vendor\codeigniter4\framework\system\Commands\Server\rewrite.php(34): require_once('C:\\xampp\\htdocs...')
#9 {main}
CRITICAL - 2020-07-04 01:40:04 --> preg_match(): Compilation failed: unmatched closing parenthesis at offset 11
#0 [internal function]: CodeIgniter\Debug\Exceptions->errorHandler(2, 'preg_match(): C...', 'C:\\xampp\\htdocs...', 425, Array)
#1 C:\xampp\htdocs\web-survey-harga\vendor\codeigniter4\framework\system\Router\Router.php(425): preg_match('#^admin/(.*))/(...', 'admin/market', Array)
#2 C:\xampp\htdocs\web-survey-harga\vendor\codeigniter4\framework\system\Router\Router.php(174): CodeIgniter\Router\Router->checkRoutes('admin/market')
#3 C:\xampp\htdocs\web-survey-harga\vendor\codeigniter4\framework\system\CodeIgniter.php(789): CodeIgniter\Router\Router->handle('admin/market')
#4 C:\xampp\htdocs\web-survey-harga\vendor\codeigniter4\framework\system\CodeIgniter.php(360): CodeIgniter\CodeIgniter->tryToRouteIt(Object(CodeIgniter\Router\RouteCollection))
#5 C:\xampp\htdocs\web-survey-harga\vendor\codeigniter4\framework\system\CodeIgniter.php(308): CodeIgniter\CodeIgniter->handleRequest(NULL, Object(Config\Cache), false)
#6 C:\xampp\htdocs\web-survey-harga\public\index.php(45): CodeIgniter\CodeIgniter->run()
#7 C:\xampp\htdocs\web-survey-harga\vendor\codeigniter4\framework\system\Commands\Server\rewrite.php(34): require_once('C:\\xampp\\htdocs...')
#8 {main}
CRITICAL - 2020-07-04 01:40:19 --> preg_match(): Compilation failed: unmatched closing parenthesis at offset 11
#0 [internal function]: CodeIgniter\Debug\Exceptions->errorHandler(2, 'preg_match(): C...', 'C:\\xampp\\htdocs...', 425, Array)
#1 C:\xampp\htdocs\web-survey-harga\vendor\codeigniter4\framework\system\Router\Router.php(425): preg_match('#^admin/(.*))/(...', 'admin/market', Array)
#2 C:\xampp\htdocs\web-survey-harga\vendor\codeigniter4\framework\system\Router\Router.php(174): CodeIgniter\Router\Router->checkRoutes('admin/market')
#3 C:\xampp\htdocs\web-survey-harga\vendor\codeigniter4\framework\system\CodeIgniter.php(789): CodeIgniter\Router\Router->handle('admin/market')
#4 C:\xampp\htdocs\web-survey-harga\vendor\codeigniter4\framework\system\CodeIgniter.php(360): CodeIgniter\CodeIgniter->tryToRouteIt(Object(CodeIgniter\Router\RouteCollection))
#5 C:\xampp\htdocs\web-survey-harga\vendor\codeigniter4\framework\system\CodeIgniter.php(308): CodeIgniter\CodeIgniter->handleRequest(NULL, Object(Config\Cache), false)
#6 C:\xampp\htdocs\web-survey-harga\public\index.php(45): CodeIgniter\CodeIgniter->run()
#7 C:\xampp\htdocs\web-survey-harga\vendor\codeigniter4\framework\system\Commands\Server\rewrite.php(34): require_once('C:\\xampp\\htdocs...')
#8 {main}
CRITICAL - 2020-07-04 02:02:18 --> Undefined variable: market_commodity
#0 C:\xampp\htdocs\web-survey-harga\app\Views\admin\commodity.php(35): CodeIgniter\Debug\Exceptions->errorHandler(8, 'Undefined varia...', 'C:\\xampp\\htdocs...', 35, Array)
#1 C:\xampp\htdocs\web-survey-harga\vendor\codeigniter4\framework\system\View\View.php(246): include('C:\\xampp\\htdocs...')
#2 C:\xampp\htdocs\web-survey-harga\vendor\codeigniter4\framework\system\Common.php(1087): CodeIgniter\View\View->render('/admin/commodit...', Array, true)
#3 C:\xampp\htdocs\web-survey-harga\app\Controllers\Users\Admin.php(49): view('/admin/commodit...', Array)
#4 C:\xampp\htdocs\web-survey-harga\vendor\codeigniter4\framework\system\CodeIgniter.php(914): App\Controllers\Users\Admin->commodity()
#5 C:\xampp\htdocs\web-survey-harga\vendor\codeigniter4\framework\system\CodeIgniter.php(400): CodeIgniter\CodeIgniter->runController(Object(App\Controllers\Users\Admin))
#6 C:\xampp\htdocs\web-survey-harga\vendor\codeigniter4\framework\system\CodeIgniter.php(308): CodeIgniter\CodeIgniter->handleRequest(NULL, Object(Config\Cache), false)
#7 C:\xampp\htdocs\web-survey-harga\public\index.php(45): CodeIgniter\CodeIgniter->run()
#8 C:\xampp\htdocs\web-survey-harga\vendor\codeigniter4\framework\system\Commands\Server\rewrite.php(34): require_once('C:\\xampp\\htdocs...')
#9 {main}
CRITICAL - 2020-07-04 02:02:35 --> Undefined index: commodity_name
#0 C:\xampp\htdocs\web-survey-harga\app\Views\admin\commodity.php(38): CodeIgniter\Debug\Exceptions->errorHandler(8, 'Undefined index...', 'C:\\xampp\\htdocs...', 38, Array)
#1 C:\xampp\htdocs\web-survey-harga\vendor\codeigniter4\framework\system\View\View.php(246): include('C:\\xampp\\htdocs...')
#2 C:\xampp\htdocs\web-survey-harga\vendor\codeigniter4\framework\system\Common.php(1087): CodeIgniter\View\View->render('/admin/commodit...', Array, true)
#3 C:\xampp\htdocs\web-survey-harga\app\Controllers\Users\Admin.php(49): view('/admin/commodit...', Array)
#4 C:\xampp\htdocs\web-survey-harga\vendor\codeigniter4\framework\system\CodeIgniter.php(914): App\Controllers\Users\Admin->commodity()
#5 C:\xampp\htdocs\web-survey-harga\vendor\codeigniter4\framework\system\CodeIgniter.php(400): CodeIgniter\CodeIgniter->runController(Object(App\Controllers\Users\Admin))
#6 C:\xampp\htdocs\web-survey-harga\vendor\codeigniter4\framework\system\CodeIgniter.php(308): CodeIgniter\CodeIgniter->handleRequest(NULL, Object(Config\Cache), false)
#7 C:\xampp\htdocs\web-survey-harga\public\index.php(45): CodeIgniter\CodeIgniter->run()
#8 C:\xampp\htdocs\web-survey-harga\vendor\codeigniter4\framework\system\Commands\Server\rewrite.php(34): require_once('C:\\xampp\\htdocs...')
#9 {main}
CRITICAL - 2020-07-04 02:09:24 --> Undefined variable: market
#0 C:\xampp\htdocs\web-survey-harga\app\Views\admin\market.php(35): CodeIgniter\Debug\Exceptions->errorHandler(8, 'Undefined varia...', 'C:\\xampp\\htdocs...', 35, Array)
#1 C:\xampp\htdocs\web-survey-harga\vendor\codeigniter4\framework\system\View\View.php(246): include('C:\\xampp\\htdocs...')
#2 C:\xampp\htdocs\web-survey-harga\vendor\codeigniter4\framework\system\Common.php(1087): CodeIgniter\View\View->render('/admin/market', Array, true)
#3 C:\xampp\htdocs\web-survey-harga\app\Controllers\Users\Admin.php(111): view('/admin/market', Array)
#4 C:\xampp\htdocs\web-survey-harga\vendor\codeigniter4\framework\system\CodeIgniter.php(914): App\Controllers\Users\Admin->market()
#5 C:\xampp\htdocs\web-survey-harga\vendor\codeigniter4\framework\system\CodeIgniter.php(400): CodeIgniter\CodeIgniter->runController(Object(App\Controllers\Users\Admin))
#6 C:\xampp\htdocs\web-survey-harga\vendor\codeigniter4\framework\system\CodeIgniter.php(308): CodeIgniter\CodeIgniter->handleRequest(NULL, Object(Config\Cache), false)
#7 C:\xampp\htdocs\web-survey-harga\public\index.php(45): CodeIgniter\CodeIgniter->run()
#8 C:\xampp\htdocs\web-survey-harga\vendor\codeigniter4\framework\system\Commands\Server\rewrite.php(34): require_once('C:\\xampp\\htdocs...')
#9 {main}
CRITICAL - 2020-07-04 02:15:33 --> Undefined index: role
#0 C:\xampp\htdocs\web-survey-harga\app\Views\layout\sidebar.php(5): CodeIgniter\Debug\Exceptions->errorHandler(8, 'Undefined index...', 'C:\\xampp\\htdocs...', 5, Array)
#1 C:\xampp\htdocs\web-survey-harga\vendor\codeigniter4\framework\system\View\View.php(246): include('C:\\xampp\\htdocs...')
#2 C:\xampp\htdocs\web-survey-harga\vendor\codeigniter4\framework\system\View\View.php(525): CodeIgniter\View\View->render('layout/sidebar', NULL, true)
#3 C:\xampp\htdocs\web-survey-harga\app\Views\main.php(7): CodeIgniter\View\View->include('layout/sidebar')
#4 C:\xampp\htdocs\web-survey-harga\vendor\codeigniter4\framework\system\View\View.php(246): include('C:\\xampp\\htdocs...')
#5 C:\xampp\htdocs\web-survey-harga\vendor\codeigniter4\framework\system\Common.php(1087): CodeIgniter\View\View->render('main', Array, true)
#6 C:\xampp\htdocs\web-survey-harga\app\Controllers\Home.php(9): view('main')
#7 C:\xampp\htdocs\web-survey-harga\vendor\codeigniter4\framework\system\CodeIgniter.php(914): App\Controllers\Home->index()
#8 C:\xampp\htdocs\web-survey-harga\vendor\codeigniter4\framework\system\CodeIgniter.php(400): CodeIgniter\CodeIgniter->runController(Object(App\Controllers\Home))
#9 C:\xampp\htdocs\web-survey-harga\vendor\codeigniter4\framework\system\CodeIgniter.php(308): CodeIgniter\CodeIgniter->handleRequest(NULL, Object(Config\Cache), false)
#10 C:\xampp\htdocs\web-survey-harga\public\index.php(45): CodeIgniter\CodeIgniter->run()
#11 C:\xampp\htdocs\web-survey-harga\vendor\codeigniter4\framework\system\Commands\Server\rewrite.php(34): require_once('C:\\xampp\\htdocs...')
#12 {main}
CRITICAL - 2020-07-04 02:19:00 --> Unknown column 'date' in 'where clause'
#0 C:\xampp\htdocs\web-survey-harga\vendor\codeigniter4\framework\system\Database\MySQLi\Connection.php(331): mysqli->query('\r\n             ...')
#1 C:\xampp\htdocs\web-survey-harga\vendor\codeigniter4\framework\system\Database\BaseConnection.php(738): CodeIgniter\Database\MySQLi\Connection->execute('\r\n             ...')
#2 C:\xampp\htdocs\web-survey-harga\vendor\codeigniter4\framework\system\Database\BaseConnection.php(666): CodeIgniter\Database\BaseConnection->simpleQuery('\r\n             ...')
#3 C:\xampp\htdocs\web-survey-harga\vendor\codeigniter4\framework\system\Model.php(1712): CodeIgniter\Database\BaseConnection->query('\r\n             ...')
#4 C:\xampp\htdocs\web-survey-harga\app\Models\Users\MarketCommodity_model.php(51): CodeIgniter\Model->__call('query', Array)
#5 C:\xampp\htdocs\web-survey-harga\app\Controllers\Home.php(21): App\Models\Users\MarketCommodity_model->getMarketCommodityVerified()
#6 C:\xampp\htdocs\web-survey-harga\vendor\codeigniter4\framework\system\CodeIgniter.php(914): App\Controllers\Home->index()
#7 C:\xampp\htdocs\web-survey-harga\vendor\codeigniter4\framework\system\CodeIgniter.php(400): CodeIgniter\CodeIgniter->runController(Object(App\Controllers\Home))
#8 C:\xampp\htdocs\web-survey-harga\vendor\codeigniter4\framework\system\CodeIgniter.php(308): CodeIgniter\CodeIgniter->handleRequest(NULL, Object(Config\Cache), false)
#9 C:\xampp\htdocs\web-survey-harga\public\index.php(45): CodeIgniter\CodeIgniter->run()
#10 C:\xampp\htdocs\web-survey-harga\vendor\codeigniter4\framework\system\Commands\Server\rewrite.php(34): require_once('C:\\xampp\\htdocs...')
#11 {main}
CRITICAL - 2020-07-04 02:19:25 --> Undefined index: role
#0 C:\xampp\htdocs\web-survey-harga\app\Views\layout\sidebar.php(5): CodeIgniter\Debug\Exceptions->errorHandler(8, 'Undefined index...', 'C:\\xampp\\htdocs...', 5, Array)
#1 C:\xampp\htdocs\web-survey-harga\vendor\codeigniter4\framework\system\View\View.php(246): include('C:\\xampp\\htdocs...')
#2 C:\xampp\htdocs\web-survey-harga\vendor\codeigniter4\framework\system\View\View.php(525): CodeIgniter\View\View->render('layout/sidebar', NULL, true)
#3 C:\xampp\htdocs\web-survey-harga\app\Views\main.php(7): CodeIgniter\View\View->include('layout/sidebar')
#4 C:\xampp\htdocs\web-survey-harga\vendor\codeigniter4\framework\system\View\View.php(246): include('C:\\xampp\\htdocs...')
#5 C:\xampp\htdocs\web-survey-harga\vendor\codeigniter4\framework\system\Common.php(1087): CodeIgniter\View\View->render('main', Array, true)
#6 C:\xampp\htdocs\web-survey-harga\app\Controllers\Home.php(24): view('main', Array)
#7 C:\xampp\htdocs\web-survey-harga\vendor\codeigniter4\framework\system\CodeIgniter.php(914): App\Controllers\Home->index()
#8 C:\xampp\htdocs\web-survey-harga\vendor\codeigniter4\framework\system\CodeIgniter.php(400): CodeIgniter\CodeIgniter->runController(Object(App\Controllers\Home))
#9 C:\xampp\htdocs\web-survey-harga\vendor\codeigniter4\framework\system\CodeIgniter.php(308): CodeIgniter\CodeIgniter->handleRequest(NULL, Object(Config\Cache), false)
#10 C:\xampp\htdocs\web-survey-harga\public\index.php(45): CodeIgniter\CodeIgniter->run()
#11 C:\xampp\htdocs\web-survey-harga\vendor\codeigniter4\framework\system\Commands\Server\rewrite.php(34): require_once('C:\\xampp\\htdocs...')
#12 {main}
CRITICAL - 2020-07-04 02:19:55 --> Undefined variable: mc
#0 C:\xampp\htdocs\web-survey-harga\app\Views\main.php(26): CodeIgniter\Debug\Exceptions->errorHandler(8, 'Undefined varia...', 'C:\\xampp\\htdocs...', 26, Array)
#1 C:\xampp\htdocs\web-survey-harga\vendor\codeigniter4\framework\system\View\View.php(246): include('C:\\xampp\\htdocs...')
#2 C:\xampp\htdocs\web-survey-harga\vendor\codeigniter4\framework\system\Common.php(1087): CodeIgniter\View\View->render('main', Array, true)
#3 C:\xampp\htdocs\web-survey-harga\app\Controllers\Home.php(24): view('main', Array)
#4 C:\xampp\htdocs\web-survey-harga\vendor\codeigniter4\framework\system\CodeIgniter.php(914): App\Controllers\Home->index()
#5 C:\xampp\htdocs\web-survey-harga\vendor\codeigniter4\framework\system\CodeIgniter.php(400): CodeIgniter\CodeIgniter->runController(Object(App\Controllers\Home))
#6 C:\xampp\htdocs\web-survey-harga\vendor\codeigniter4\framework\system\CodeIgniter.php(308): CodeIgniter\CodeIgniter->handleRequest(NULL, Object(Config\Cache), false)
#7 C:\xampp\htdocs\web-survey-harga\public\index.php(45): CodeIgniter\CodeIgniter->run()
#8 C:\xampp\htdocs\web-survey-harga\vendor\codeigniter4\framework\system\Commands\Server\rewrite.php(34): require_once('C:\\xampp\\htdocs...')
#9 {main}
CRITICAL - 2020-07-04 02:20:12 --> Undefined variable: m
#0 C:\xampp\htdocs\web-survey-harga\app\Views\main.php(28): CodeIgniter\Debug\Exceptions->errorHandler(8, 'Undefined varia...', 'C:\\xampp\\htdocs...', 28, Array)
#1 C:\xampp\htdocs\web-survey-harga\vendor\codeigniter4\framework\system\View\View.php(246): include('C:\\xampp\\htdocs...')
#2 C:\xampp\htdocs\web-survey-harga\vendor\codeigniter4\framework\system\Common.php(1087): CodeIgniter\View\View->render('main', Array, true)
#3 C:\xampp\htdocs\web-survey-harga\app\Controllers\Home.php(24): view('main', Array)
#4 C:\xampp\htdocs\web-survey-harga\vendor\codeigniter4\framework\system\CodeIgniter.php(914): App\Controllers\Home->index()
#5 C:\xampp\htdocs\web-survey-harga\vendor\codeigniter4\framework\system\CodeIgniter.php(400): CodeIgniter\CodeIgniter->runController(Object(App\Controllers\Home))
#6 C:\xampp\htdocs\web-survey-harga\vendor\codeigniter4\framework\system\CodeIgniter.php(308): CodeIgniter\CodeIgniter->handleRequest(NULL, Object(Config\Cache), false)
#7 C:\xampp\htdocs\web-survey-harga\public\index.php(45): CodeIgniter\CodeIgniter->run()
#8 C:\xampp\htdocs\web-survey-harga\vendor\codeigniter4\framework\system\Commands\Server\rewrite.php(34): require_once('C:\\xampp\\htdocs...')
#9 {main}
CRITICAL - 2020-07-04 04:44:51 --> Call to undefined function html_ent()
#0 C:\xampp\htdocs\web-survey-harga\vendor\codeigniter4\framework\system\View\View.php(246): include()
#1 C:\xampp\htdocs\web-survey-harga\vendor\codeigniter4\framework\system\Common.php(1087): CodeIgniter\View\View->render('/users', Array, true)
#2 C:\xampp\htdocs\web-survey-harga\app\Controllers\Users.php(27): view('/users', Array)
#3 C:\xampp\htdocs\web-survey-harga\vendor\codeigniter4\framework\system\CodeIgniter.php(914): App\Controllers\Users->index()
#4 C:\xampp\htdocs\web-survey-harga\vendor\codeigniter4\framework\system\CodeIgniter.php(400): CodeIgniter\CodeIgniter->runController(Object(App\Controllers\Users))
#5 C:\xampp\htdocs\web-survey-harga\vendor\codeigniter4\framework\system\CodeIgniter.php(308): CodeIgniter\CodeIgniter->handleRequest(NULL, Object(Config\Cache), false)
#6 C:\xampp\htdocs\web-survey-harga\public\index.php(45): CodeIgniter\CodeIgniter->run()
#7 C:\xampp\htdocs\web-survey-harga\vendor\codeigniter4\framework\system\Commands\Server\rewrite.php(34): require_once('C:\\xampp\\htdocs...')
#8 {main}
CRITICAL - 2020-07-04 04:45:25 --> Call to undefined function html_ent()
#0 C:\xampp\htdocs\web-survey-harga\vendor\codeigniter4\framework\system\View\View.php(246): include()
#1 C:\xampp\htdocs\web-survey-harga\vendor\codeigniter4\framework\system\View\View.php(525): CodeIgniter\View\View->render('layout/sidebar', NULL, true)
#2 C:\xampp\htdocs\web-survey-harga\app\Views\admin\index.php(7): CodeIgniter\View\View->include('layout/sidebar')
#3 C:\xampp\htdocs\web-survey-harga\vendor\codeigniter4\framework\system\View\View.php(246): include('C:\\xampp\\htdocs...')
#4 C:\xampp\htdocs\web-survey-harga\vendor\codeigniter4\framework\system\Common.php(1087): CodeIgniter\View\View->render('admin/index', Array, true)
#5 C:\xampp\htdocs\web-survey-harga\app\Controllers\Users\Admin.php(34): view('admin/index', Array)
#6 C:\xampp\htdocs\web-survey-harga\vendor\codeigniter4\framework\system\CodeIgniter.php(914): App\Controllers\Users\Admin->index()
#7 C:\xampp\htdocs\web-survey-harga\vendor\codeigniter4\framework\system\CodeIgniter.php(400): CodeIgniter\CodeIgniter->runController(Object(App\Controllers\Users\Admin))
#8 C:\xampp\htdocs\web-survey-harga\vendor\codeigniter4\framework\system\CodeIgniter.php(308): CodeIgniter\CodeIgniter->handleRequest(NULL, Object(Config\Cache), false)
#9 C:\xampp\htdocs\web-survey-harga\public\index.php(45): CodeIgniter\CodeIgniter->run()
#10 C:\xampp\htdocs\web-survey-harga\vendor\codeigniter4\framework\system\Commands\Server\rewrite.php(34): require_once('C:\\xampp\\htdocs...')
#11 {main}
CRITICAL - 2020-07-04 05:17:00 --> strtotime() expects at most 2 parameters, 3 given
#0 [internal function]: CodeIgniter\Debug\Exceptions->errorHandler(2, 'strtotime() exp...', 'C:\\xampp\\htdocs...', 47, Array)
#1 C:\xampp\htdocs\web-survey-harga\app\Views\admin\marketCommodity.php(47): strtotime('2020-06-30 00:0...', 3, 'UTF-8')
#2 C:\xampp\htdocs\web-survey-harga\vendor\codeigniter4\framework\system\View\View.php(246): include('C:\\xampp\\htdocs...')
#3 C:\xampp\htdocs\web-survey-harga\vendor\codeigniter4\framework\system\Common.php(1087): CodeIgniter\View\View->render('/admin/marketCo...', Array, true)
#4 C:\xampp\htdocs\web-survey-harga\app\Controllers\Users\Admin.php(183): view('/admin/marketCo...', Array)
#5 C:\xampp\htdocs\web-survey-harga\vendor\codeigniter4\framework\system\CodeIgniter.php(914): App\Controllers\Users\Admin->marketCommodity()
#6 C:\xampp\htdocs\web-survey-harga\vendor\codeigniter4\framework\system\CodeIgniter.php(400): CodeIgniter\CodeIgniter->runController(Object(App\Controllers\Users\Admin))
#7 C:\xampp\htdocs\web-survey-harga\vendor\codeigniter4\framework\system\CodeIgniter.php(308): CodeIgniter\CodeIgniter->handleRequest(NULL, Object(Config\Cache), false)
#8 C:\xampp\htdocs\web-survey-harga\public\index.php(45): CodeIgniter\CodeIgniter->run()
#9 C:\xampp\htdocs\web-survey-harga\vendor\codeigniter4\framework\system\Commands\Server\rewrite.php(34): require_once('C:\\xampp\\htdocs...')
#10 {main}
CRITICAL - 2020-07-04 05:20:53 --> Undefined index: role
#0 C:\xampp\htdocs\web-survey-harga\app\Controllers\Users\Admin.php(26): CodeIgniter\Debug\Exceptions->errorHandler(8, 'Undefined index...', 'C:\\xampp\\htdocs...', 26, Array)
#1 C:\xampp\htdocs\web-survey-harga\vendor\codeigniter4\framework\system\CodeIgniter.php(914): App\Controllers\Users\Admin->index()
#2 C:\xampp\htdocs\web-survey-harga\vendor\codeigniter4\framework\system\CodeIgniter.php(400): CodeIgniter\CodeIgniter->runController(Object(App\Controllers\Users\Admin))
#3 C:\xampp\htdocs\web-survey-harga\vendor\codeigniter4\framework\system\CodeIgniter.php(308): CodeIgniter\CodeIgniter->handleRequest(NULL, Object(Config\Cache), false)
#4 C:\xampp\htdocs\web-survey-harga\public\index.php(45): CodeIgniter\CodeIgniter->run()
#5 C:\xampp\htdocs\web-survey-harga\vendor\codeigniter4\framework\system\Commands\Server\rewrite.php(34): require_once('C:\\xampp\\htdocs...')
#6 {main}
CRITICAL - 2020-07-04 05:20:53 --> Undefined index: role
#0 C:\xampp\htdocs\web-survey-harga\app\Controllers\Users\Admin.php(26): CodeIgniter\Debug\Exceptions->errorHandler(8, 'Undefined index...', 'C:\\xampp\\htdocs...', 26, Array)
#1 C:\xampp\htdocs\web-survey-harga\vendor\codeigniter4\framework\system\CodeIgniter.php(914): App\Controllers\Users\Admin->index()
#2 C:\xampp\htdocs\web-survey-harga\vendor\codeigniter4\framework\system\CodeIgniter.php(400): CodeIgniter\CodeIgniter->runController(Object(App\Controllers\Users\Admin))
#3 C:\xampp\htdocs\web-survey-harga\vendor\codeigniter4\framework\system\CodeIgniter.php(308): CodeIgniter\CodeIgniter->handleRequest(NULL, Object(Config\Cache), false)
#4 C:\xampp\htdocs\web-survey-harga\public\index.php(45): CodeIgniter\CodeIgniter->run()
#5 C:\xampp\htdocs\web-survey-harga\vendor\codeigniter4\framework\system\Commands\Server\rewrite.php(34): require_once('C:\\xampp\\htdocs...')
#6 {main}
CRITICAL - 2020-07-04 05:22:18 --> Undefined index: role
#0 C:\xampp\htdocs\web-survey-harga\app\Controllers\Users\Admin.php(31): CodeIgniter\Debug\Exceptions->errorHandler(8, 'Undefined index...', 'C:\\xampp\\htdocs...', 31, Array)
#1 C:\xampp\htdocs\web-survey-harga\vendor\codeigniter4\framework\system\CodeIgniter.php(914): App\Controllers\Users\Admin->index()
#2 C:\xampp\htdocs\web-survey-harga\vendor\codeigniter4\framework\system\CodeIgniter.php(400): CodeIgniter\CodeIgniter->runController(Object(App\Controllers\Users\Admin))
#3 C:\xampp\htdocs\web-survey-harga\vendor\codeigniter4\framework\system\CodeIgniter.php(308): CodeIgniter\CodeIgniter->handleRequest(NULL, Object(Config\Cache), false)
#4 C:\xampp\htdocs\web-survey-harga\public\index.php(45): CodeIgniter\CodeIgniter->run()
#5 C:\xampp\htdocs\web-survey-harga\vendor\codeigniter4\framework\system\Commands\Server\rewrite.php(34): require_once('C:\\xampp\\htdocs...')
#6 {main}
CRITICAL - 2020-07-04 05:22:48 --> Undefined index: role
#0 C:\xampp\htdocs\web-survey-harga\app\Controllers\Users\Admin.php(27): CodeIgniter\Debug\Exceptions->errorHandler(8, 'Undefined index...', 'C:\\xampp\\htdocs...', 27, Array)
#1 C:\xampp\htdocs\web-survey-harga\vendor\codeigniter4\framework\system\CodeIgniter.php(914): App\Controllers\Users\Admin->index()
#2 C:\xampp\htdocs\web-survey-harga\vendor\codeigniter4\framework\system\CodeIgniter.php(400): CodeIgniter\CodeIgniter->runController(Object(App\Controllers\Users\Admin))
#3 C:\xampp\htdocs\web-survey-harga\vendor\codeigniter4\framework\system\CodeIgniter.php(308): CodeIgniter\CodeIgniter->handleRequest(NULL, Object(Config\Cache), false)
#4 C:\xampp\htdocs\web-survey-harga\public\index.php(45): CodeIgniter\CodeIgniter->run()
#5 C:\xampp\htdocs\web-survey-harga\vendor\codeigniter4\framework\system\Commands\Server\rewrite.php(34): require_once('C:\\xampp\\htdocs...')
#6 {main}
CRITICAL - 2020-07-04 05:22:49 --> Undefined index: role
#0 C:\xampp\htdocs\web-survey-harga\app\Controllers\Users\Admin.php(27): CodeIgniter\Debug\Exceptions->errorHandler(8, 'Undefined index...', 'C:\\xampp\\htdocs...', 27, Array)
#1 C:\xampp\htdocs\web-survey-harga\vendor\codeigniter4\framework\system\CodeIgniter.php(914): App\Controllers\Users\Admin->index()
#2 C:\xampp\htdocs\web-survey-harga\vendor\codeigniter4\framework\system\CodeIgniter.php(400): CodeIgniter\CodeIgniter->runController(Object(App\Controllers\Users\Admin))
#3 C:\xampp\htdocs\web-survey-harga\vendor\codeigniter4\framework\system\CodeIgniter.php(308): CodeIgniter\CodeIgniter->handleRequest(NULL, Object(Config\Cache), false)
#4 C:\xampp\htdocs\web-survey-harga\public\index.php(45): CodeIgniter\CodeIgniter->run()
#5 C:\xampp\htdocs\web-survey-harga\vendor\codeigniter4\framework\system\Commands\Server\rewrite.php(34): require_once('C:\\xampp\\htdocs...')
#6 {main}
